<?xml version="1.0" encoding="UTF-8"?>
<!-- Generated by org.testng.reporters.JUnitXMLReporter -->
<testsuite hostname="VSI-LAP-45" name="Default test" tests="4" failures="1" timestamp="17 Feb 2017 11:09:44 GMT" time="0.398" errors="0">
  <testcase name="f" time="0.018" classname="com.contoso.tfsplay.NewTest"/>
  <testcase name="f" time="0.003" classname="TestNGPackage.NewTest"/>
  <testcase name="f" time="0.004" classname="TestNGPackage.TFS"/>
  <testcase name="defectcreation" time="0.334" classname="TestNGPackage.TFSTESTNG">
    <failure type="java.lang.UnsatisfiedLinkError" message="com.microsoft.tfs.jni.internal.platformmisc.NativePlatformMisc.nativeGetEnvironmentVariable(Ljava/lang/String;)Ljava/lang/String;">
      <![CDATA[java.lang.UnsatisfiedLinkError: com.microsoft.tfs.jni.internal.platformmisc.NativePlatformMisc.nativeGetEnvironmentVariable(Ljava/lang/String;)Ljava/lang/String;
	at com.microsoft.tfs.jni.internal.platformmisc.NativePlatformMisc.nativeGetEnvironmentVariable(Native Method)
	at com.microsoft.tfs.jni.internal.platformmisc.NativePlatformMisc.getEnvironmentVariable(NativePlatformMisc.java:134)
	at com.microsoft.tfs.jni.PlatformMiscUtils.getEnvironmentVariable(PlatformMiscUtils.java:52)
	at com.microsoft.tfs.core.config.httpclient.DefaultHTTPClientFactory.shouldAcceptUntrustedCertificates(DefaultHTTPClientFactory.java:288)
	at com.microsoft.tfs.core.config.httpclient.DefaultHTTPClientFactory.configureClientParams(DefaultHTTPClientFactory.java:324)
	at com.microsoft.tfs.core.config.httpclient.DefaultHTTPClientFactory.newHTTPClient(DefaultHTTPClientFactory.java:137)
	at com.microsoft.tfs.core.TFSConnection.getHTTPClient(TFSConnection.java:1041)
	at com.microsoft.tfs.core.TFSConnection.getWebService(TFSConnection.java:874)
	at com.microsoft.tfs.core.config.client.DefaultClientFactory$9.newClient(DefaultClientFactory.java:271)
	at com.microsoft.tfs.core.config.client.DefaultClientFactory.newClient(DefaultClientFactory.java:91)
	at com.microsoft.tfs.core.TFSConnection.getClient(TFSConnection.java:1470)
	at com.microsoft.tfs.core.TFSTeamProjectCollection.getWorkItemClient(TFSTeamProjectCollection.java:370)
	at TestNGPackage.TFSTESTNG.defectcreation(TFSTESTNG.java:33)
	at sun.reflect.NativeMethodAccessorImpl.invoke0(Native Method)
	at sun.reflect.NativeMethodAccessorImpl.invoke(Unknown Source)
	at sun.reflect.DelegatingMethodAccessorImpl.invoke(Unknown Source)
	at java.lang.reflect.Method.invoke(Unknown Source)
	at org.testng.internal.MethodInvocationHelper.invokeMethod(MethodInvocationHelper.java:86)
	at org.testng.internal.Invoker.invokeMethod(Invoker.java:646)
	at org.testng.internal.Invoker.invokeTestMethod(Invoker.java:823)
	at org.testng.internal.Invoker.invokeTestMethods(Invoker.java:1131)
	at org.testng.internal.TestMethodWorker.invokeTestMethods(TestMethodWorker.java:129)
	at org.testng.internal.TestMethodWorker.run(TestMethodWorker.java:112)
	at org.testng.TestRunner.privateRun(TestRunner.java:778)
	at org.testng.TestRunner.run(TestRunner.java:632)
	at org.testng.SuiteRunner.runTest(SuiteRunner.java:366)
	at org.testng.SuiteRunner.runSequentially(SuiteRunner.java:361)
	at org.testng.SuiteRunner.privateRun(SuiteRunner.java:319)
	at org.testng.SuiteRunner.run(SuiteRunner.java:268)
	at org.testng.SuiteRunnerWorker.runSuite(SuiteRunnerWorker.java:52)
	at org.testng.SuiteRunnerWorker.run(SuiteRunnerWorker.java:86)
	at org.testng.TestNG.runSuitesSequentially(TestNG.java:1225)
	at org.testng.TestNG.runSuitesLocally(TestNG.java:1150)
	at org.testng.TestNG.runSuites(TestNG.java:1075)
	at org.testng.TestNG.run(TestNG.java:1047)
	at org.testng.remote.AbstractRemoteTestNG.run(AbstractRemoteTestNG.java:126)
	at org.testng.remote.RemoteTestNG.initAndRun(RemoteTestNG.java:137)
	at org.testng.remote.RemoteTestNG.main(RemoteTestNG.java:58)
]]>
    </failure>
  </testcase> <!-- defectcreation -->
</testsuite> <!-- Default test -->
