<?xml version="1.0" encoding="UTF-8"?>
<testng-results skipped="0" failed="0" total="1" passed="1">
  <reporter-output>
  </reporter-output>
  <suite name="Suite" duration-ms="21353" started-at="2017-02-17T11:42:20Z" finished-at="2017-02-17T11:42:41Z">
    <groups>
    </groups>
    <test name="Test" duration-ms="21353" started-at="2017-02-17T11:42:20Z" finished-at="2017-02-17T11:42:41Z">
      <class name="TestNGPackage.TFSTESTNG">
        <test-method status="PASS" signature="defectcreation()[pri:0, instance:TestNGPackage.TFSTESTNG@6a41eaa2]" name="defectcreation" duration-ms="21320" started-at="2017-02-17T17:12:20Z" finished-at="2017-02-17T17:12:41Z">
          <reporter-output>
          </reporter-output>
        </test-method> <!-- defectcreation -->
      </class> <!-- TestNGPackage.TFSTESTNG -->
    </test> <!-- Test -->
  </suite> <!-- Suite -->
</testng-results>
